<?xml version="1.0" encoding="UTF-8"?>
<testng-results ignored="0" total="4" passed="3" failed="1" skipped="0">
  <reporter-output>
  </reporter-output>
  <suite started-at="2020-09-09T22:40:56 CEST" name="Suite" finished-at="2020-09-09T22:41:47 CEST" duration-ms="51392">
    <groups>
    </groups>
    <test started-at="2020-09-09T22:40:56 CEST" name="Test1" finished-at="2020-09-09T22:40:56 CEST" duration-ms="31">
    </test> <!-- Test1 -->
    <test started-at="2020-09-09T22:40:56 CEST" name="Test4" finished-at="2020-09-09T22:41:25 CEST" duration-ms="29636">
      <class name="Academy.validateTitle">
        <test-method is-config="true" signature="initialize()[pri:0, instance:Academy.validateTitle@5ed731d0]" started-at="2020-09-09T22:40:56 CEST" name="initialize" finished-at="2020-09-09T22:41:15 CEST" duration-ms="19595" status="PASS">
          <reporter-output>
          </reporter-output>
        </test-method> <!-- initialize -->
        <test-method signature="basePageNavigation()[pri:0, instance:Academy.validateTitle@5ed731d0]" started-at="2020-09-09T22:41:15 CEST" name="basePageNavigation" finished-at="2020-09-09T22:41:24 CEST" duration-ms="8928" status="PASS">
          <reporter-output>
          </reporter-output>
        </test-method> <!-- basePageNavigation -->
        <test-method is-config="true" signature="Close()[pri:0, instance:Academy.validateTitle@5ed731d0]" started-at="2020-09-09T22:41:24 CEST" name="Close" finished-at="2020-09-09T22:41:25 CEST" duration-ms="1101" status="PASS">
          <reporter-output>
          </reporter-output>
        </test-method> <!-- Close -->
      </class> <!-- Academy.validateTitle -->
    </test> <!-- Test4 -->
    <test started-at="2020-09-09T22:40:56 CEST" name="Test2" finished-at="2020-09-09T22:41:30 CEST" duration-ms="34257">
      <class name="Academy.validateNavigationBar">
        <test-method is-config="true" signature="initialize()[pri:0, instance:Academy.validateNavigationBar@5b04476e]" started-at="2020-09-09T22:40:56 CEST" name="initialize" finished-at="2020-09-09T22:41:15 CEST" duration-ms="19500" status="PASS">
          <reporter-output>
          </reporter-output>
        </test-method> <!-- initialize -->
        <test-method signature="basePageNavigation()[pri:0, instance:Academy.validateNavigationBar@5b04476e]" started-at="2020-09-09T22:41:15 CEST" name="basePageNavigation" finished-at="2020-09-09T22:41:24 CEST" duration-ms="8800" status="FAIL">
          <exception class="java.lang.AssertionError">
            <message>
              <![CDATA[expected [false] but found [true]]]>
            </message>
            <full-stacktrace>
              <![CDATA[java.lang.AssertionError: expected [false] but found [true]
at org.testng.Assert.fail(Assert.java:99)
at org.testng.Assert.failNotEquals(Assert.java:1037)
at org.testng.Assert.assertFalse(Assert.java:67)
at org.testng.Assert.assertFalse(Assert.java:77)
at Academy.validateNavigationBar.basePageNavigation(validateNavigationBar.java:36)
at java.base/jdk.internal.reflect.NativeMethodAccessorImpl.invoke0(Native Method)
at java.base/jdk.internal.reflect.NativeMethodAccessorImpl.invoke(NativeMethodAccessorImpl.java:62)
at java.base/jdk.internal.reflect.DelegatingMethodAccessorImpl.invoke(DelegatingMethodAccessorImpl.java:43)
at java.base/java.lang.reflect.Method.invoke(Method.java:564)
at org.testng.internal.MethodInvocationHelper.invokeMethod(MethodInvocationHelper.java:132)
at org.testng.internal.TestInvoker.invokeMethod(TestInvoker.java:599)
at org.testng.internal.TestInvoker.invokeTestMethod(TestInvoker.java:174)
at org.testng.internal.MethodRunner.runInSequence(MethodRunner.java:46)
at org.testng.internal.TestInvoker$MethodInvocationAgent.invoke(TestInvoker.java:822)
at org.testng.internal.TestInvoker.invokeTestMethods(TestInvoker.java:147)
at org.testng.internal.TestMethodWorker.invokeTestMethods(TestMethodWorker.java:146)
at org.testng.internal.TestMethodWorker.run(TestMethodWorker.java:128)
at java.base/java.util.ArrayList.forEach(ArrayList.java:1510)
at org.testng.TestRunner.privateRun(TestRunner.java:764)
at org.testng.TestRunner.run(TestRunner.java:585)
at org.testng.SuiteRunner.runTest(SuiteRunner.java:384)
at org.testng.SuiteRunner.access$000(SuiteRunner.java:28)
at org.testng.SuiteRunner$SuiteWorker.run(SuiteRunner.java:425)
at org.testng.internal.thread.ThreadUtil.lambda$execute$0(ThreadUtil.java:66)
at java.base/java.util.concurrent.FutureTask.run(FutureTask.java:264)
at java.base/java.util.concurrent.ThreadPoolExecutor.runWorker(ThreadPoolExecutor.java:1130)
at java.base/java.util.concurrent.ThreadPoolExecutor$Worker.run(ThreadPoolExecutor.java:630)
at java.base/java.lang.Thread.run(Thread.java:832)
]]>
            </full-stacktrace>
          </exception> <!-- java.lang.AssertionError -->
          <reporter-output>
          </reporter-output>
        </test-method> <!-- basePageNavigation -->
        <test-method is-config="true" signature="Close()[pri:0, instance:Academy.validateNavigationBar@5b04476e]" started-at="2020-09-09T22:41:26 CEST" name="Close" finished-at="2020-09-09T22:41:30 CEST" duration-ms="4413" status="PASS">
          <reporter-output>
          </reporter-output>
        </test-method> <!-- Close -->
      </class> <!-- Academy.validateNavigationBar -->
    </test> <!-- Test2 -->
    <test started-at="2020-09-09T22:40:56 CEST" name="Test3" finished-at="2020-09-09T22:41:47 CEST" duration-ms="51355">
      <class name="Academy.HomePage">
        <test-method signature="basePageNavigation(java.lang.String, java.lang.String, java.lang.String, java.lang.String)[pri:0, instance:Academy.HomePage@305f7627]" started-at="2020-09-09T22:40:56 CEST" name="basePageNavigation" data-provider="getData" finished-at="2020-09-09T22:41:28 CEST" duration-ms="31994" status="PASS">
          <params>
            <param index="0">
              <value>
                <![CDATA[akakkaakkaka@gmail.comm]]>
              </value>
            </param>
            <param index="1">
              <value>
                <![CDATA[12345]]>
              </value>
            </param>
            <param index="2">
              <value>
                <![CDATA[Restricted User]]>
              </value>
            </param>
            <param index="3">
              <value>
                <![CDATA[Pizza de Jamon]]>
              </value>
            </param>
          </params>
          <reporter-output>
          </reporter-output>
        </test-method> <!-- basePageNavigation -->
        <test-method signature="basePageNavigation(java.lang.String, java.lang.String, java.lang.String, java.lang.String)[pri:0, instance:Academy.HomePage@305f7627]" started-at="2020-09-09T22:41:28 CEST" name="basePageNavigation" data-provider="getData" finished-at="2020-09-09T22:41:47 CEST" duration-ms="19329" status="PASS">
          <params>
            <param index="0">
              <value>
                <![CDATA[pizza@gmail.comm]]>
              </value>
            </param>
            <param index="1">
              <value>
                <![CDATA[12345]]>
              </value>
            </param>
            <param index="2">
              <value>
                <![CDATA[Non Restricted User]]>
              </value>
            </param>
            <param index="3">
              <value>
                <![CDATA[Pizza de Queso]]>
              </value>
            </param>
          </params>
          <reporter-output>
          </reporter-output>
        </test-method> <!-- basePageNavigation -->
      </class> <!-- Academy.HomePage -->
    </test> <!-- Test3 -->
  </suite> <!-- Suite -->
</testng-results>
